The 3-say_my_name test module.
=+=+=+=+=+=+=+=+=+=+=+=+=+=+=+=+=+=+=+=+=+=+=+=

Using "say_my_name " which prints My name is <first name> <last name>
++++++++++++++++++++++++++++++++++++

Import function from module:

	>>> say_my_name  = __import__('3-say_my_name').say_my_name

Test normal usage
    >>> say_my_name("John", "Smith") 
    My name is John Smith

Test only first name 
    >>> say_my_name("Bob")
    My name is Bob 

Test first name not a string
    >>> say_my_name(12, "scott")
    Traceback (most recent call last):
        ...
    TypeError: first_name must be a string

Test lastname empty:
	>>> say_my_name("hello", "")
	My name is hello 

Test both names empty:
	>>> say_my_name("", "")
	My name is  

Test just spaces:
	>>> say_my_name("   ", "   ")
	My name is        

Test empty firstname:
	>>> say_my_name("", "hello")
	My name is  hello

Test last name not a string
    >>> say_my_name("scott", 12)
    Traceback (most recent call last):
        ...
    TypeError: last_name must be a string
    
Test no parameters
    >>> say_my_name()
    Traceback (most recent call last):
        ...
    TypeError: say_my_name() missing 1 required positional argument: 'first_name'
